{"/Users/chupacarrillo/Desktop/LLM/src/modules/inventario/application/usecases/ActualizarInventarioUseCase.js": {"path":"/Users/chupacarrillo/Desktop/LLM/src/modules/inventario/application/usecases/ActualizarInventarioUseCase.js","statementMap":{"0":{"start":{"line":7,"column":4},"end":{"line":7,"column":53}},"1":{"start":{"line":8,"column":4},"end":{"line":8,"column":41}},"2":{"start":{"line":13,"column":23},"end":{"line":13,"column":77}},"3":{"start":{"line":15,"column":4},"end":{"line":17,"column":5}},"4":{"start":{"line":16,"column":6},"end":{"line":16,"column":73}},"5":{"start":{"line":20,"column":29},"end":{"line":20,"column":58}},"6":{"start":{"line":21,"column":4},"end":{"line":21,"column":49}},"7":{"start":{"line":24,"column":34},"end":{"line":24,"column":84}},"8":{"start":{"line":27,"column":4},"end":{"line":37,"column":5}},"9":{"start":{"line":28,"column":6},"end":{"line":36,"column":9}},"10":{"start":{"line":39,"column":4},"end":{"line":39,"column":33}},"11":{"start":{"line":43,"column":0},"end":{"line":43,"column":45}}},"fnMap":{"0":{"name":"(anonymous_0)","decl":{"start":{"line":6,"column":2},"end":{"line":6,"column":3}},"loc":{"start":{"line":6,"column":52},"end":{"line":9,"column":3}},"line":6},"1":{"name":"(anonymous_1)","decl":{"start":{"line":11,"column":2},"end":{"line":11,"column":3}},"loc":{"start":{"line":11,"column":45},"end":{"line":40,"column":3}},"line":11}},"branchMap":{"0":{"loc":{"start":{"line":15,"column":4},"end":{"line":17,"column":5}},"type":"if","locations":[{"start":{"line":15,"column":4},"end":{"line":17,"column":5}},{"start":{},"end":{}}],"line":15},"1":{"loc":{"start":{"line":27,"column":4},"end":{"line":37,"column":5}},"type":"if","locations":[{"start":{"line":27,"column":4},"end":{"line":37,"column":5}},{"start":{},"end":{}}],"line":27}},"s":{"0":18,"1":18,"2":19,"3":19,"4":1,"5":18,"6":18,"7":16,"8":16,"9":15,"10":16,"11":1},"f":{"0":18,"1":19},"b":{"0":[1,18],"1":[15,1]},"_coverageSchema":"1a1c01bbd47fc00a2c39e90264f33305004495a9","hash":"0ef2661fbd87668aa81a04008bffdfd809ab36f5"}
,"/Users/chupacarrillo/Desktop/LLM/src/modules/inventario/domain/entities/Inventario.js": {"path":"/Users/chupacarrillo/Desktop/LLM/src/modules/inventario/domain/entities/Inventario.js","statementMap":{"0":{"start":{"line":3,"column":4},"end":{"line":3,"column":17}},"1":{"start":{"line":4,"column":4},"end":{"line":4,"column":25}},"2":{"start":{"line":5,"column":4},"end":{"line":5,"column":49}},"3":{"start":{"line":6,"column":4},"end":{"line":6,"column":25}},"4":{"start":{"line":7,"column":4},"end":{"line":7,"column":21}},"5":{"start":{"line":8,"column":4},"end":{"line":8,"column":35}},"6":{"start":{"line":12,"column":4},"end":{"line":14,"column":5}},"7":{"start":{"line":13,"column":6},"end":{"line":13,"column":59}},"8":{"start":{"line":15,"column":4},"end":{"line":15,"column":44}},"9":{"start":{"line":19,"column":4},"end":{"line":19,"column":54}},"10":{"start":{"line":23,"column":4},"end":{"line":30,"column":6}},"11":{"start":{"line":34,"column":4},"end":{"line":41,"column":6}},"12":{"start":{"line":45,"column":0},"end":{"line":45,"column":28}}},"fnMap":{"0":{"name":"(anonymous_0)","decl":{"start":{"line":2,"column":2},"end":{"line":2,"column":3}},"loc":{"start":{"line":2,"column":73},"end":{"line":9,"column":3}},"line":2},"1":{"name":"(anonymous_1)","decl":{"start":{"line":11,"column":2},"end":{"line":11,"column":3}},"loc":{"start":{"line":11,"column":36},"end":{"line":16,"column":3}},"line":11},"2":{"name":"(anonymous_2)","decl":{"start":{"line":18,"column":2},"end":{"line":18,"column":3}},"loc":{"start":{"line":18,"column":16},"end":{"line":20,"column":3}},"line":18},"3":{"name":"(anonymous_3)","decl":{"start":{"line":22,"column":2},"end":{"line":22,"column":3}},"loc":{"start":{"line":22,"column":30},"end":{"line":31,"column":3}},"line":22},"4":{"name":"(anonymous_4)","decl":{"start":{"line":33,"column":2},"end":{"line":33,"column":3}},"loc":{"start":{"line":33,"column":17},"end":{"line":42,"column":3}},"line":33}},"branchMap":{"0":{"loc":{"start":{"line":12,"column":4},"end":{"line":14,"column":5}},"type":"if","locations":[{"start":{"line":12,"column":4},"end":{"line":14,"column":5}},{"start":{},"end":{}}],"line":12}},"s":{"0":31,"1":31,"2":31,"3":31,"4":31,"5":31,"6":27,"7":4,"8":23,"9":24,"10":2,"11":2,"12":2},"f":{"0":31,"1":27,"2":24,"3":2,"4":2},"b":{"0":[4,23]},"_coverageSchema":"1a1c01bbd47fc00a2c39e90264f33305004495a9","hash":"f965d5cf84b1603c441120d44c3c76874b337b64"}
,"/Users/chupacarrillo/Desktop/LLM/src/modules/pedido/application/usecases/ActualizarEstadoPedidoUseCase.js": {"path":"/Users/chupacarrillo/Desktop/LLM/src/modules/pedido/application/usecases/ActualizarEstadoPedidoUseCase.js","statementMap":{"0":{"start":{"line":6,"column":4},"end":{"line":6,"column":45}},"1":{"start":{"line":7,"column":4},"end":{"line":7,"column":41}},"2":{"start":{"line":12,"column":19},"end":{"line":12,"column":59}},"3":{"start":{"line":14,"column":4},"end":{"line":16,"column":5}},"4":{"start":{"line":15,"column":6},"end":{"line":15,"column":59}},"5":{"start":{"line":18,"column":27},"end":{"line":18,"column":40}},"6":{"start":{"line":21,"column":4},"end":{"line":21,"column":38}},"7":{"start":{"line":24,"column":30},"end":{"line":24,"column":72}},"8":{"start":{"line":27,"column":4},"end":{"line":34,"column":5}},"9":{"start":{"line":28,"column":6},"end":{"line":33,"column":9}},"10":{"start":{"line":36,"column":4},"end":{"line":36,"column":29}},"11":{"start":{"line":40,"column":0},"end":{"line":40,"column":47}}},"fnMap":{"0":{"name":"(anonymous_0)","decl":{"start":{"line":5,"column":2},"end":{"line":5,"column":3}},"loc":{"start":{"line":5,"column":48},"end":{"line":8,"column":3}},"line":5},"1":{"name":"(anonymous_1)","decl":{"start":{"line":10,"column":2},"end":{"line":10,"column":3}},"loc":{"start":{"line":10,"column":33},"end":{"line":37,"column":3}},"line":10}},"branchMap":{"0":{"loc":{"start":{"line":14,"column":4},"end":{"line":16,"column":5}},"type":"if","locations":[{"start":{"line":14,"column":4},"end":{"line":16,"column":5}},{"start":{},"end":{}}],"line":14},"1":{"loc":{"start":{"line":27,"column":4},"end":{"line":34,"column":5}},"type":"if","locations":[{"start":{"line":27,"column":4},"end":{"line":34,"column":5}},{"start":{},"end":{}}],"line":27}},"s":{"0":13,"1":13,"2":19,"3":19,"4":1,"5":18,"6":18,"7":13,"8":13,"9":12,"10":13,"11":1},"f":{"0":13,"1":19},"b":{"0":[1,18],"1":[12,1]},"_coverageSchema":"1a1c01bbd47fc00a2c39e90264f33305004495a9","hash":"f68fad90c035aac993f9f70cc83101bdde785ca1"}
,"/Users/chupacarrillo/Desktop/LLM/src/modules/pedido/application/usecases/CrearPedidoUseCase.js": {"path":"/Users/chupacarrillo/Desktop/LLM/src/modules/pedido/application/usecases/CrearPedidoUseCase.js","statementMap":{"0":{"start":{"line":1,"column":15},"end":{"line":1,"column":54}},"1":{"start":{"line":2,"column":22},"end":{"line":2,"column":68}},"2":{"start":{"line":9,"column":4},"end":{"line":9,"column":45}},"3":{"start":{"line":10,"column":4},"end":{"line":10,"column":49}},"4":{"start":{"line":11,"column":4},"end":{"line":11,"column":41}},"5":{"start":{"line":16,"column":4},"end":{"line":18,"column":5}},"6":{"start":{"line":17,"column":6},"end":{"line":17,"column":52}},"7":{"start":{"line":20,"column":4},"end":{"line":22,"column":5}},"8":{"start":{"line":21,"column":6},"end":{"line":21,"column":59}},"9":{"start":{"line":25,"column":19},"end":{"line":32,"column":5}},"10":{"start":{"line":35,"column":21},"end":{"line":35,"column":23}},"11":{"start":{"line":36,"column":22},"end":{"line":36,"column":23}},"12":{"start":{"line":38,"column":4},"end":{"line":65,"column":5}},"13":{"start":{"line":40,"column":23},"end":{"line":40,"column":79}},"14":{"start":{"line":42,"column":6},"end":{"line":44,"column":7}},"15":{"start":{"line":43,"column":8},"end":{"line":43,"column":77}},"16":{"start":{"line":46,"column":6},"end":{"line":48,"column":7}},"17":{"start":{"line":47,"column":8},"end":{"line":47,"column":74}},"18":{"start":{"line":50,"column":23},"end":{"line":50,"column":36}},"19":{"start":{"line":51,"column":29},"end":{"line":51,"column":44}},"20":{"start":{"line":52,"column":23},"end":{"line":52,"column":48}},"21":{"start":{"line":54,"column":22},"end":{"line":61,"column":7}},"22":{"start":{"line":63,"column":6},"end":{"line":63,"column":29}},"23":{"start":{"line":64,"column":6},"end":{"line":64,"column":30}},"24":{"start":{"line":67,"column":4},"end":{"line":67,"column":31}},"25":{"start":{"line":68,"column":4},"end":{"line":68,"column":31}},"26":{"start":{"line":71,"column":25},"end":{"line":71,"column":75}},"27":{"start":{"line":74,"column":4},"end":{"line":82,"column":5}},"28":{"start":{"line":75,"column":6},"end":{"line":81,"column":9}},"29":{"start":{"line":84,"column":4},"end":{"line":84,"column":24}},"30":{"start":{"line":88,"column":0},"end":{"line":88,"column":36}}},"fnMap":{"0":{"name":"(anonymous_0)","decl":{"start":{"line":8,"column":2},"end":{"line":8,"column":3}},"loc":{"start":{"line":8,"column":68},"end":{"line":12,"column":3}},"line":8},"1":{"name":"(anonymous_1)","decl":{"start":{"line":14,"column":2},"end":{"line":14,"column":3}},"loc":{"start":{"line":14,"column":22},"end":{"line":85,"column":3}},"line":14}},"branchMap":{"0":{"loc":{"start":{"line":16,"column":4},"end":{"line":18,"column":5}},"type":"if","locations":[{"start":{"line":16,"column":4},"end":{"line":18,"column":5}},{"start":{},"end":{}}],"line":16},"1":{"loc":{"start":{"line":20,"column":4},"end":{"line":22,"column":5}},"type":"if","locations":[{"start":{"line":20,"column":4},"end":{"line":22,"column":5}},{"start":{},"end":{}}],"line":20},"2":{"loc":{"start":{"line":20,"column":8},"end":{"line":20,"column":54}},"type":"binary-expr","locations":[{"start":{"line":20,"column":8},"end":{"line":20,"column":23}},{"start":{"line":20,"column":27},"end":{"line":20,"column":54}}],"line":20},"3":{"loc":{"start":{"line":27,"column":6},"end":{"line":27,"column":29}},"type":"binary-expr","locations":[{"start":{"line":27,"column":6},"end":{"line":27,"column":21}},{"start":{"line":27,"column":25},"end":{"line":27,"column":29}}],"line":27},"4":{"loc":{"start":{"line":42,"column":6},"end":{"line":44,"column":7}},"type":"if","locations":[{"start":{"line":42,"column":6},"end":{"line":44,"column":7}},{"start":{},"end":{}}],"line":42},"5":{"loc":{"start":{"line":46,"column":6},"end":{"line":48,"column":7}},"type":"if","locations":[{"start":{"line":46,"column":6},"end":{"line":48,"column":7}},{"start":{},"end":{}}],"line":46},"6":{"loc":{"start":{"line":74,"column":4},"end":{"line":82,"column":5}},"type":"if","locations":[{"start":{"line":74,"column":4},"end":{"line":82,"column":5}},{"start":{},"end":{}}],"line":74}},"s":{"0":1,"1":1,"2":14,"3":14,"4":14,"5":13,"6":1,"7":12,"8":3,"9":9,"10":9,"11":9,"12":9,"13":12,"14":12,"15":1,"16":11,"17":2,"18":9,"19":9,"20":9,"21":9,"22":9,"23":9,"24":6,"25":6,"26":6,"27":6,"28":5,"29":6,"30":1},"f":{"0":14,"1":13},"b":{"0":[1,12],"1":[3,9],"2":[12,10],"3":[9,6],"4":[1,11],"5":[2,9],"6":[5,1]},"_coverageSchema":"1a1c01bbd47fc00a2c39e90264f33305004495a9","hash":"7ba6b536bb0ed7c52667df2994c549d70bdd7307"}
,"/Users/chupacarrillo/Desktop/LLM/src/modules/pedido/domain/entities/DetallePedido.js": {"path":"/Users/chupacarrillo/Desktop/LLM/src/modules/pedido/domain/entities/DetallePedido.js","statementMap":{"0":{"start":{"line":3,"column":4},"end":{"line":3,"column":17}},"1":{"start":{"line":4,"column":4},"end":{"line":4,"column":29}},"2":{"start":{"line":5,"column":4},"end":{"line":5,"column":33}},"3":{"start":{"line":6,"column":4},"end":{"line":6,"column":29}},"4":{"start":{"line":7,"column":4},"end":{"line":7,"column":41}},"5":{"start":{"line":8,"column":4},"end":{"line":8,"column":60}},"6":{"start":{"line":12,"column":4},"end":{"line":19,"column":6}},"7":{"start":{"line":23,"column":4},"end":{"line":30,"column":6}},"8":{"start":{"line":34,"column":0},"end":{"line":34,"column":31}}},"fnMap":{"0":{"name":"(anonymous_0)","decl":{"start":{"line":2,"column":2},"end":{"line":2,"column":3}},"loc":{"start":{"line":2,"column":76},"end":{"line":9,"column":3}},"line":2},"1":{"name":"(anonymous_1)","decl":{"start":{"line":11,"column":2},"end":{"line":11,"column":3}},"loc":{"start":{"line":11,"column":30},"end":{"line":20,"column":3}},"line":11},"2":{"name":"(anonymous_2)","decl":{"start":{"line":22,"column":2},"end":{"line":22,"column":3}},"loc":{"start":{"line":22,"column":17},"end":{"line":31,"column":3}},"line":22}},"branchMap":{"0":{"loc":{"start":{"line":8,"column":20},"end":{"line":8,"column":59}},"type":"binary-expr","locations":[{"start":{"line":8,"column":20},"end":{"line":8,"column":28}},{"start":{"line":8,"column":33},"end":{"line":8,"column":58}}],"line":8}},"s":{"0":25,"1":25,"2":25,"3":25,"4":25,"5":25,"6":2,"7":2,"8":3},"f":{"0":25,"1":2,"2":2},"b":{"0":[25,4]},"_coverageSchema":"1a1c01bbd47fc00a2c39e90264f33305004495a9","hash":"ac9350d829a35fc2e9821c72639be1c84e6a07f9"}
,"/Users/chupacarrillo/Desktop/LLM/src/modules/pedido/domain/entities/Pedido.js": {"path":"/Users/chupacarrillo/Desktop/LLM/src/modules/pedido/domain/entities/Pedido.js","statementMap":{"0":{"start":{"line":3,"column":4},"end":{"line":3,"column":17}},"1":{"start":{"line":4,"column":4},"end":{"line":4,"column":31}},"2":{"start":{"line":5,"column":4},"end":{"line":5,"column":31}},"3":{"start":{"line":6,"column":4},"end":{"line":6,"column":40}},"4":{"start":{"line":7,"column":4},"end":{"line":7,"column":28}},"5":{"start":{"line":8,"column":4},"end":{"line":8,"column":45}},"6":{"start":{"line":9,"column":4},"end":{"line":9,"column":23}},"7":{"start":{"line":13,"column":4},"end":{"line":13,"column":32}},"8":{"start":{"line":14,"column":4},"end":{"line":14,"column":27}},"9":{"start":{"line":18,"column":4},"end":{"line":18,"column":83}},"10":{"start":{"line":18,"column":56},"end":{"line":18,"column":78}},"11":{"start":{"line":22,"column":27},"end":{"line":22,"column":89}},"12":{"start":{"line":23,"column":4},"end":{"line":25,"column":5}},"13":{"start":{"line":24,"column":6},"end":{"line":24,"column":57}},"14":{"start":{"line":26,"column":4},"end":{"line":26,"column":30}},"15":{"start":{"line":30,"column":4},"end":{"line":37,"column":6}},"16":{"start":{"line":41,"column":4},"end":{"line":49,"column":6}},"17":{"start":{"line":48,"column":39},"end":{"line":48,"column":55}},"18":{"start":{"line":53,"column":0},"end":{"line":53,"column":24}}},"fnMap":{"0":{"name":"(anonymous_0)","decl":{"start":{"line":2,"column":2},"end":{"line":2,"column":3}},"loc":{"start":{"line":2,"column":66},"end":{"line":10,"column":3}},"line":2},"1":{"name":"(anonymous_1)","decl":{"start":{"line":12,"column":2},"end":{"line":12,"column":3}},"loc":{"start":{"line":12,"column":26},"end":{"line":15,"column":3}},"line":12},"2":{"name":"(anonymous_2)","decl":{"start":{"line":17,"column":2},"end":{"line":17,"column":3}},"loc":{"start":{"line":17,"column":20},"end":{"line":19,"column":3}},"line":17},"3":{"name":"(anonymous_3)","decl":{"start":{"line":18,"column":38},"end":{"line":18,"column":39}},"loc":{"start":{"line":18,"column":56},"end":{"line":18,"column":78}},"line":18},"4":{"name":"(anonymous_4)","decl":{"start":{"line":21,"column":2},"end":{"line":21,"column":3}},"loc":{"start":{"line":21,"column":29},"end":{"line":27,"column":3}},"line":21},"5":{"name":"(anonymous_5)","decl":{"start":{"line":29,"column":2},"end":{"line":29,"column":3}},"loc":{"start":{"line":29,"column":30},"end":{"line":38,"column":3}},"line":29},"6":{"name":"(anonymous_6)","decl":{"start":{"line":40,"column":2},"end":{"line":40,"column":3}},"loc":{"start":{"line":40,"column":17},"end":{"line":50,"column":3}},"line":40},"7":{"name":"(anonymous_7)","decl":{"start":{"line":48,"column":34},"end":{"line":48,"column":35}},"loc":{"start":{"line":48,"column":39},"end":{"line":48,"column":55}},"line":48}},"branchMap":{"0":{"loc":{"start":{"line":6,"column":18},"end":{"line":6,"column":39}},"type":"binary-expr","locations":[{"start":{"line":6,"column":18},"end":{"line":6,"column":24}},{"start":{"line":6,"column":28},"end":{"line":6,"column":39}}],"line":6},"1":{"loc":{"start":{"line":7,"column":17},"end":{"line":7,"column":27}},"type":"binary-expr","locations":[{"start":{"line":7,"column":17},"end":{"line":7,"column":22}},{"start":{"line":7,"column":26},"end":{"line":7,"column":27}}],"line":7},"2":{"loc":{"start":{"line":8,"column":21},"end":{"line":8,"column":44}},"type":"binary-expr","locations":[{"start":{"line":8,"column":21},"end":{"line":8,"column":30}},{"start":{"line":8,"column":34},"end":{"line":8,"column":44}}],"line":8},"3":{"loc":{"start":{"line":23,"column":4},"end":{"line":25,"column":5}},"type":"if","locations":[{"start":{"line":23,"column":4},"end":{"line":25,"column":5}},{"start":{},"end":{}}],"line":23}},"s":{"0":38,"1":38,"2":38,"3":38,"4":38,"5":38,"6":38,"7":3,"8":3,"9":5,"10":7,"11":28,"12":28,"13":6,"14":22,"15":1,"16":1,"17":1,"18":3},"f":{"0":38,"1":3,"2":5,"3":7,"4":28,"5":1,"6":1,"7":1},"b":{"0":[38,3],"1":[38,16],"2":[38,3],"3":[6,22]},"_coverageSchema":"1a1c01bbd47fc00a2c39e90264f33305004495a9","hash":"56f9e3de10c57f40a30c58292feb27b531e0784f"}
,"/Users/chupacarrillo/Desktop/LLM/src/modules/producto/application/usecases/ActualizarProductoUseCase.js": {"path":"/Users/chupacarrillo/Desktop/LLM/src/modules/producto/application/usecases/ActualizarProductoUseCase.js","statementMap":{"0":{"start":{"line":3,"column":4},"end":{"line":3,"column":49}},"1":{"start":{"line":8,"column":21},"end":{"line":8,"column":63}},"2":{"start":{"line":10,"column":4},"end":{"line":12,"column":5}},"3":{"start":{"line":11,"column":6},"end":{"line":11,"column":61}},"4":{"start":{"line":15,"column":4},"end":{"line":17,"column":5}},"5":{"start":{"line":16,"column":6},"end":{"line":16,"column":36}},"6":{"start":{"line":19,"column":4},"end":{"line":21,"column":5}},"7":{"start":{"line":20,"column":6},"end":{"line":20,"column":45}},"8":{"start":{"line":23,"column":4},"end":{"line":25,"column":5}},"9":{"start":{"line":24,"column":6},"end":{"line":24,"column":42}},"10":{"start":{"line":27,"column":4},"end":{"line":29,"column":5}},"11":{"start":{"line":28,"column":6},"end":{"line":28,"column":58}},"12":{"start":{"line":31,"column":4},"end":{"line":33,"column":5}},"13":{"start":{"line":32,"column":6},"end":{"line":32,"column":76}},"14":{"start":{"line":36,"column":4},"end":{"line":36,"column":58}},"15":{"start":{"line":40,"column":0},"end":{"line":40,"column":43}}},"fnMap":{"0":{"name":"(anonymous_0)","decl":{"start":{"line":2,"column":2},"end":{"line":2,"column":3}},"loc":{"start":{"line":2,"column":34},"end":{"line":4,"column":3}},"line":2},"1":{"name":"(anonymous_1)","decl":{"start":{"line":6,"column":2},"end":{"line":6,"column":3}},"loc":{"start":{"line":6,"column":26},"end":{"line":37,"column":3}},"line":6}},"branchMap":{"0":{"loc":{"start":{"line":10,"column":4},"end":{"line":12,"column":5}},"type":"if","locations":[{"start":{"line":10,"column":4},"end":{"line":12,"column":5}},{"start":{},"end":{}}],"line":10},"1":{"loc":{"start":{"line":15,"column":4},"end":{"line":17,"column":5}},"type":"if","locations":[{"start":{"line":15,"column":4},"end":{"line":17,"column":5}},{"start":{},"end":{}}],"line":15},"2":{"loc":{"start":{"line":19,"column":4},"end":{"line":21,"column":5}},"type":"if","locations":[{"start":{"line":19,"column":4},"end":{"line":21,"column":5}},{"start":{},"end":{}}],"line":19},"3":{"loc":{"start":{"line":23,"column":4},"end":{"line":25,"column":5}},"type":"if","locations":[{"start":{"line":23,"column":4},"end":{"line":25,"column":5}},{"start":{},"end":{}}],"line":23},"4":{"loc":{"start":{"line":27,"column":4},"end":{"line":29,"column":5}},"type":"if","locations":[{"start":{"line":27,"column":4},"end":{"line":29,"column":5}},{"start":{},"end":{}}],"line":27},"5":{"loc":{"start":{"line":31,"column":4},"end":{"line":33,"column":5}},"type":"if","locations":[{"start":{"line":31,"column":4},"end":{"line":33,"column":5}},{"start":{},"end":{}}],"line":31}},"s":{"0":12,"1":12,"2":12,"3":1,"4":11,"5":2,"6":11,"7":6,"8":9,"9":2,"10":9,"11":3,"12":9,"13":2,"14":9,"15":1},"f":{"0":12,"1":12},"b":{"0":[1,11],"1":[2,9],"2":[6,5],"3":[2,7],"4":[3,6],"5":[2,7]},"_coverageSchema":"1a1c01bbd47fc00a2c39e90264f33305004495a9","hash":"2c0d52694aa77afa4f5ab9164905416631893bc1"}
,"/Users/chupacarrillo/Desktop/LLM/src/modules/producto/application/usecases/CrearProductoUseCase.js": {"path":"/Users/chupacarrillo/Desktop/LLM/src/modules/producto/application/usecases/CrearProductoUseCase.js","statementMap":{"0":{"start":{"line":1,"column":17},"end":{"line":1,"column":58}},"1":{"start":{"line":5,"column":4},"end":{"line":5,"column":49}},"2":{"start":{"line":10,"column":4},"end":{"line":12,"column":5}},"3":{"start":{"line":11,"column":6},"end":{"line":11,"column":61}},"4":{"start":{"line":14,"column":4},"end":{"line":16,"column":5}},"5":{"start":{"line":15,"column":6},"end":{"line":15,"column":57}},"6":{"start":{"line":19,"column":21},"end":{"line":26,"column":5}},"7":{"start":{"line":29,"column":4},"end":{"line":29,"column":56}},"8":{"start":{"line":33,"column":0},"end":{"line":33,"column":38}}},"fnMap":{"0":{"name":"(anonymous_0)","decl":{"start":{"line":4,"column":2},"end":{"line":4,"column":3}},"loc":{"start":{"line":4,"column":34},"end":{"line":6,"column":3}},"line":4},"1":{"name":"(anonymous_1)","decl":{"start":{"line":8,"column":2},"end":{"line":8,"column":3}},"loc":{"start":{"line":8,"column":22},"end":{"line":30,"column":3}},"line":8}},"branchMap":{"0":{"loc":{"start":{"line":10,"column":4},"end":{"line":12,"column":5}},"type":"if","locations":[{"start":{"line":10,"column":4},"end":{"line":12,"column":5}},{"start":{},"end":{}}],"line":10},"1":{"loc":{"start":{"line":10,"column":8},"end":{"line":10,"column":49}},"type":"binary-expr","locations":[{"start":{"line":10,"column":8},"end":{"line":10,"column":20}},{"start":{"line":10,"column":24},"end":{"line":10,"column":49}}],"line":10},"2":{"loc":{"start":{"line":14,"column":4},"end":{"line":16,"column":5}},"type":"if","locations":[{"start":{"line":14,"column":4},"end":{"line":16,"column":5}},{"start":{},"end":{}}],"line":14},"3":{"loc":{"start":{"line":14,"column":8},"end":{"line":14,"column":40}},"type":"binary-expr","locations":[{"start":{"line":14,"column":8},"end":{"line":14,"column":20}},{"start":{"line":14,"column":24},"end":{"line":14,"column":40}}],"line":14},"4":{"loc":{"start":{"line":24,"column":6},"end":{"line":24,"column":68}},"type":"cond-expr","locations":[{"start":{"line":24,"column":42},"end":{"line":24,"column":61}},{"start":{"line":24,"column":64},"end":{"line":24,"column":68}}],"line":24},"5":{"loc":{"start":{"line":25,"column":6},"end":{"line":25,"column":43}},"type":"binary-expr","locations":[{"start":{"line":25,"column":6},"end":{"line":25,"column":38}},{"start":{"line":25,"column":42},"end":{"line":25,"column":43}}],"line":25}},"s":{"0":1,"1":9,"2":9,"3":3,"4":6,"5":3,"6":3,"7":3,"8":1},"f":{"0":9,"1":9},"b":{"0":[3,6],"1":[9,7],"2":[3,3],"3":[6,4],"4":[1,2],"5":[3,2]},"_coverageSchema":"1a1c01bbd47fc00a2c39e90264f33305004495a9","hash":"f5e0270c7839a657320dc5439654d85dc03a3b48"}
,"/Users/chupacarrillo/Desktop/LLM/src/modules/producto/domain/entities/Producto.js": {"path":"/Users/chupacarrillo/Desktop/LLM/src/modules/producto/domain/entities/Producto.js","statementMap":{"0":{"start":{"line":3,"column":4},"end":{"line":3,"column":17}},"1":{"start":{"line":4,"column":4},"end":{"line":4,"column":25}},"2":{"start":{"line":5,"column":4},"end":{"line":5,"column":25}},"3":{"start":{"line":6,"column":4},"end":{"line":6,"column":31}},"4":{"start":{"line":7,"column":4},"end":{"line":7,"column":41}},"5":{"start":{"line":8,"column":4},"end":{"line":8,"column":63}},"6":{"start":{"line":12,"column":4},"end":{"line":12,"column":46}},"7":{"start":{"line":16,"column":4},"end":{"line":18,"column":5}},"8":{"start":{"line":17,"column":6},"end":{"line":17,"column":57}},"9":{"start":{"line":19,"column":4},"end":{"line":19,"column":30}},"10":{"start":{"line":23,"column":4},"end":{"line":23,"column":40}},"11":{"start":{"line":27,"column":4},"end":{"line":34,"column":6}},"12":{"start":{"line":38,"column":4},"end":{"line":45,"column":6}},"13":{"start":{"line":49,"column":0},"end":{"line":49,"column":26}}},"fnMap":{"0":{"name":"(anonymous_0)","decl":{"start":{"line":2,"column":2},"end":{"line":2,"column":3}},"loc":{"start":{"line":2,"column":88},"end":{"line":9,"column":3}},"line":2},"1":{"name":"(anonymous_1)","decl":{"start":{"line":11,"column":2},"end":{"line":11,"column":3}},"loc":{"start":{"line":11,"column":45},"end":{"line":13,"column":3}},"line":11},"2":{"name":"(anonymous_2)","decl":{"start":{"line":15,"column":2},"end":{"line":15,"column":3}},"loc":{"start":{"line":15,"column":32},"end":{"line":20,"column":3}},"line":15},"3":{"name":"(anonymous_3)","decl":{"start":{"line":22,"column":2},"end":{"line":22,"column":3}},"loc":{"start":{"line":22,"column":17},"end":{"line":24,"column":3}},"line":22},"4":{"name":"(anonymous_4)","decl":{"start":{"line":26,"column":2},"end":{"line":26,"column":3}},"loc":{"start":{"line":26,"column":30},"end":{"line":35,"column":3}},"line":26},"5":{"name":"(anonymous_5)","decl":{"start":{"line":37,"column":2},"end":{"line":37,"column":3}},"loc":{"start":{"line":37,"column":17},"end":{"line":46,"column":3}},"line":37}},"branchMap":{"0":{"loc":{"start":{"line":16,"column":4},"end":{"line":18,"column":5}},"type":"if","locations":[{"start":{"line":16,"column":4},"end":{"line":18,"column":5}},{"start":{},"end":{}}],"line":16},"1":{"loc":{"start":{"line":33,"column":6},"end":{"line":33,"column":53}},"type":"binary-expr","locations":[{"start":{"line":33,"column":6},"end":{"line":33,"column":48}},{"start":{"line":33,"column":52},"end":{"line":33,"column":53}}],"line":33}},"s":{"0":32,"1":32,"2":32,"3":32,"4":32,"5":32,"6":5,"7":9,"8":4,"9":5,"10":2,"11":2,"12":1,"13":3},"f":{"0":32,"1":5,"2":9,"3":2,"4":2,"5":1},"b":{"0":[4,5],"1":[2,1]},"_coverageSchema":"1a1c01bbd47fc00a2c39e90264f33305004495a9","hash":"54dca702923813e426903d5dbf555022c5771751"}
}
