TN:
SF:src/modules/inventario/application/usecases/ActualizarInventarioUseCase.js
FN:6,(anonymous_0)
FN:11,(anonymous_1)
FNF:2
FNH:2
FNDA:18,(anonymous_0)
FNDA:19,(anonymous_1)
DA:7,18
DA:8,18
DA:13,19
DA:15,19
DA:16,1
DA:20,18
DA:21,18
DA:24,16
DA:27,16
DA:28,15
DA:39,16
DA:43,1
LF:12
LH:12
BRDA:15,0,0,1
BRDA:15,0,1,18
BRDA:27,1,0,15
BRDA:27,1,1,1
BRF:4
BRH:4
end_of_record
TN:
SF:src/modules/inventario/domain/entities/Inventario.js
FN:2,(anonymous_0)
FN:11,(anonymous_1)
FN:18,(anonymous_2)
FN:22,(anonymous_3)
FN:33,(anonymous_4)
FNF:5
FNH:5
FNDA:31,(anonymous_0)
FNDA:27,(anonymous_1)
FNDA:24,(anonymous_2)
FNDA:2,(anonymous_3)
FNDA:2,(anonymous_4)
DA:3,31
DA:4,31
DA:5,31
DA:6,31
DA:7,31
DA:8,31
DA:12,27
DA:13,4
DA:15,23
DA:19,24
DA:23,2
DA:34,2
DA:45,2
LF:13
LH:13
BRDA:12,0,0,4
BRDA:12,0,1,23
BRF:2
BRH:2
end_of_record
TN:
SF:src/modules/pedido/application/usecases/ActualizarEstadoPedidoUseCase.js
FN:5,(anonymous_0)
FN:10,(anonymous_1)
FNF:2
FNH:2
FNDA:13,(anonymous_0)
FNDA:19,(anonymous_1)
DA:6,13
DA:7,13
DA:12,19
DA:14,19
DA:15,1
DA:18,18
DA:21,18
DA:24,13
DA:27,13
DA:28,12
DA:36,13
DA:40,1
LF:12
LH:12
BRDA:14,0,0,1
BRDA:14,0,1,18
BRDA:27,1,0,12
BRDA:27,1,1,1
BRF:4
BRH:4
end_of_record
TN:
SF:src/modules/pedido/application/usecases/CrearPedidoUseCase.js
FN:8,(anonymous_0)
FN:14,(anonymous_1)
FNF:2
FNH:2
FNDA:14,(anonymous_0)
FNDA:13,(anonymous_1)
DA:1,1
DA:2,1
DA:9,14
DA:10,14
DA:11,14
DA:16,13
DA:17,1
DA:20,12
DA:21,3
DA:25,9
DA:35,9
DA:36,9
DA:38,9
DA:40,12
DA:42,12
DA:43,1
DA:46,11
DA:47,2
DA:50,9
DA:51,9
DA:52,9
DA:54,9
DA:63,9
DA:64,9
DA:67,6
DA:68,6
DA:71,6
DA:74,6
DA:75,5
DA:84,6
DA:88,1
LF:31
LH:31
BRDA:16,0,0,1
BRDA:16,0,1,12
BRDA:20,1,0,3
BRDA:20,1,1,9
BRDA:20,2,0,12
BRDA:20,2,1,10
BRDA:27,3,0,9
BRDA:27,3,1,6
BRDA:42,4,0,1
BRDA:42,4,1,11
BRDA:46,5,0,2
BRDA:46,5,1,9
BRDA:74,6,0,5
BRDA:74,6,1,1
BRF:14
BRH:14
end_of_record
TN:
SF:src/modules/pedido/domain/entities/DetallePedido.js
FN:2,(anonymous_0)
FN:11,(anonymous_1)
FN:22,(anonymous_2)
FNF:3
FNH:3
FNDA:25,(anonymous_0)
FNDA:2,(anonymous_1)
FNDA:2,(anonymous_2)
DA:3,25
DA:4,25
DA:5,25
DA:6,25
DA:7,25
DA:8,25
DA:12,2
DA:23,2
DA:34,3
LF:9
LH:9
BRDA:8,0,0,25
BRDA:8,0,1,4
BRF:2
BRH:2
end_of_record
TN:
SF:src/modules/pedido/domain/entities/Pedido.js
FN:2,(anonymous_0)
FN:12,(anonymous_1)
FN:17,(anonymous_2)
FN:18,(anonymous_3)
FN:21,(anonymous_4)
FN:29,(anonymous_5)
FN:40,(anonymous_6)
FN:48,(anonymous_7)
FNF:8
FNH:8
FNDA:38,(anonymous_0)
FNDA:3,(anonymous_1)
FNDA:5,(anonymous_2)
FNDA:7,(anonymous_3)
FNDA:28,(anonymous_4)
FNDA:1,(anonymous_5)
FNDA:1,(anonymous_6)
FNDA:1,(anonymous_7)
DA:3,38
DA:4,38
DA:5,38
DA:6,38
DA:7,38
DA:8,38
DA:9,38
DA:13,3
DA:14,3
DA:18,7
DA:22,28
DA:23,28
DA:24,6
DA:26,22
DA:30,1
DA:41,1
DA:48,1
DA:53,3
LF:18
LH:18
BRDA:6,0,0,38
BRDA:6,0,1,3
BRDA:7,1,0,38
BRDA:7,1,1,16
BRDA:8,2,0,38
BRDA:8,2,1,3
BRDA:23,3,0,6
BRDA:23,3,1,22
BRF:8
BRH:8
end_of_record
TN:
SF:src/modules/producto/application/usecases/ActualizarProductoUseCase.js
FN:2,(anonymous_0)
FN:6,(anonymous_1)
FNF:2
FNH:2
FNDA:12,(anonymous_0)
FNDA:12,(anonymous_1)
DA:3,12
DA:8,12
DA:10,12
DA:11,1
DA:15,11
DA:16,2
DA:19,11
DA:20,6
DA:23,9
DA:24,2
DA:27,9
DA:28,3
DA:31,9
DA:32,2
DA:36,9
DA:40,1
LF:16
LH:16
BRDA:10,0,0,1
BRDA:10,0,1,11
BRDA:15,1,0,2
BRDA:15,1,1,9
BRDA:19,2,0,6
BRDA:19,2,1,5
BRDA:23,3,0,2
BRDA:23,3,1,7
BRDA:27,4,0,3
BRDA:27,4,1,6
BRDA:31,5,0,2
BRDA:31,5,1,7
BRF:12
BRH:12
end_of_record
TN:
SF:src/modules/producto/application/usecases/CrearProductoUseCase.js
FN:4,(anonymous_0)
FN:8,(anonymous_1)
FNF:2
FNH:2
FNDA:9,(anonymous_0)
FNDA:9,(anonymous_1)
DA:1,1
DA:5,9
DA:10,9
DA:11,3
DA:14,6
DA:15,3
DA:19,3
DA:29,3
DA:33,1
LF:9
LH:9
BRDA:10,0,0,3
BRDA:10,0,1,6
BRDA:10,1,0,9
BRDA:10,1,1,7
BRDA:14,2,0,3
BRDA:14,2,1,3
BRDA:14,3,0,6
BRDA:14,3,1,4
BRDA:24,4,0,1
BRDA:24,4,1,2
BRDA:25,5,0,3
BRDA:25,5,1,2
BRF:12
BRH:12
end_of_record
TN:
SF:src/modules/producto/domain/entities/Producto.js
FN:2,(anonymous_0)
FN:11,(anonymous_1)
FN:15,(anonymous_2)
FN:22,(anonymous_3)
FN:26,(anonymous_4)
FN:37,(anonymous_5)
FNF:6
FNH:6
FNDA:32,(anonymous_0)
FNDA:5,(anonymous_1)
FNDA:9,(anonymous_2)
FNDA:2,(anonymous_3)
FNDA:2,(anonymous_4)
FNDA:1,(anonymous_5)
DA:3,32
DA:4,32
DA:5,32
DA:6,32
DA:7,32
DA:8,32
DA:12,5
DA:16,9
DA:17,4
DA:19,5
DA:23,2
DA:27,2
DA:38,1
DA:49,3
LF:14
LH:14
BRDA:16,0,0,4
BRDA:16,0,1,5
BRDA:33,1,0,2
BRDA:33,1,1,1
BRF:4
BRH:4
end_of_record
